2026/05/25 04:29:36 [notice] 1#1: using the "epoll" event method
2026/05/25 04:29:36 [notice] 1#1: nginx/1.31.1
2026/05/25 04:29:36 [notice] 1#1: built by gcc 15.2.0 (Alpine 15.2.0) 
2026/05/25 04:29:36 [notice] 1#1: OS: Linux 6.6.114.1-microsoft-standard-WSL2
2026/05/25 04:29:36 [notice] 1#1: getrlimit(RLIMIT_NOFILE): 1048576:1048576
2026/05/25 04:29:36 [notice] 1#1: start worker processes
2026/05/25 04:29:36 [notice] 1#1: start worker process 21
2026/05/25 04:29:36 [notice] 1#1: start worker process 22
2026/05/25 04:29:36 [notice] 1#1: start worker process 23
2026/05/25 04:29:36 [notice] 1#1: start worker process 24
2026/05/25 04:29:36 [notice] 1#1: start worker process 25
2026/05/25 04:29:36 [notice] 1#1: start worker process 26
2026/05/25 04:29:36 [notice] 1#1: start worker process 27
2026/05/25 04:29:36 [notice] 1#1: start worker process 28
2026/05/25 04:32:49 [error] 25#25: *14 connect() failed (111: Connection refused) while connecting to upstream, client: 172.21.0.1, server: your_domain, request: "GET /_next/webpack-hmr HTTP/1.1", upstream: "http://172.21.0.2:3000/_next/webpack-hmr", host: "localhost"
2026/05/25 04:33:06 [warn] 23#23: *26 upstream sent more data than specified in "Content-Length" header while reading upstream, client: 172.21.0.1, server: your_domain, request: "GET /_next/static/chunks/webpack.js?v=1779683586280 HTTP/1.1", upstream: "http://172.21.0.2:3000/_next/static/chunks/webpack.js?v=1779683586280", host: "localhost", referrer: "http://localhost/"
2026/05/25 04:35:00 [notice] 1#1: signal 3 (SIGQUIT) received, shutting down
2026/05/25 04:35:00 [notice] 21#21: gracefully shutting down
2026/05/25 04:35:00 [notice] 28#28: gracefully shutting down
2026/05/25 04:35:00 [notice] 22#22: gracefully shutting down
2026/05/25 04:35:00 [notice] 23#23: gracefully shutting down
2026/05/25 04:35:00 [notice] 24#24: gracefully shutting down
2026/05/25 04:35:00 [notice] 25#25: gracefully shutting down
2026/05/25 04:35:00 [notice] 26#26: gracefully shutting down
2026/05/25 04:35:00 [notice] 27#27: gracefully shutting down
2026/05/25 04:35:00 [notice] 21#21: exiting
2026/05/25 04:35:00 [notice] 28#28: exiting
2026/05/25 04:35:00 [notice] 22#22: exiting
2026/05/25 04:35:00 [notice] 21#21: exit
2026/05/25 04:35:00 [notice] 23#23: exiting
2026/05/25 04:35:00 [notice] 24#24: exiting
2026/05/25 04:35:00 [notice] 23#23: exit
2026/05/25 04:35:00 [notice] 25#25: exiting
2026/05/25 04:35:00 [notice] 26#26: exiting
2026/05/25 04:35:00 [notice] 25#25: exit
2026/05/25 04:35:00 [notice] 27#27: exiting
2026/05/25 04:35:00 [notice] 28#28: exit
2026/05/25 04:35:00 [notice] 22#22: exit
2026/05/25 04:35:00 [notice] 24#24: exit
2026/05/25 04:35:00 [notice] 26#26: exit
2026/05/25 04:35:00 [notice] 27#27: exit
2026/05/25 04:35:00 [notice] 1#1: signal 17 (SIGCHLD) received from 27
2026/05/25 04:35:00 [notice] 1#1: worker process 27 exited with code 0
2026/05/25 04:35:00 [notice] 1#1: signal 29 (SIGIO) received
2026/05/25 04:35:00 [notice] 1#1: signal 17 (SIGCHLD) received from 28
2026/05/25 04:35:00 [notice] 1#1: worker process 21 exited with code 0
2026/05/25 04:35:00 [notice] 1#1: worker process 24 exited with code 0
2026/05/25 04:35:00 [notice] 1#1: worker process 26 exited with code 0
2026/05/25 04:35:00 [notice] 1#1: worker process 28 exited with code 0
2026/05/25 04:35:00 [notice] 1#1: signal 29 (SIGIO) received
2026/05/25 04:35:00 [notice] 1#1: signal 17 (SIGCHLD) received from 26
2026/05/25 04:35:00 [notice] 1#1: signal 17 (SIGCHLD) received from 23
2026/05/25 04:35:00 [notice] 1#1: worker process 22 exited with code 0
2026/05/25 04:35:00 [notice] 1#1: worker process 23 exited with code 0
2026/05/25 04:35:00 [notice] 1#1: worker process 25 exited with code 0
2026/05/25 04:35:00 [notice] 1#1: exit
2026/05/25 04:36:29 [notice] 1#1: using the "epoll" event method
2026/05/25 04:36:29 [notice] 1#1: nginx/1.31.1
2026/05/25 04:36:29 [notice] 1#1: built by gcc 15.2.0 (Alpine 15.2.0) 
2026/05/25 04:36:29 [notice] 1#1: OS: Linux 6.6.114.1-microsoft-standard-WSL2
2026/05/25 04:36:29 [notice] 1#1: getrlimit(RLIMIT_NOFILE): 1048576:1048576
2026/05/25 04:36:29 [notice] 1#1: start worker processes
2026/05/25 04:36:29 [notice] 1#1: start worker process 21
2026/05/25 04:36:29 [notice] 1#1: start worker process 22
2026/05/25 04:36:29 [notice] 1#1: start worker process 23
2026/05/25 04:36:29 [notice] 1#1: start worker process 24
2026/05/25 04:36:29 [notice] 1#1: start worker process 25
2026/05/25 04:36:29 [notice] 1#1: start worker process 26
2026/05/25 04:36:29 [notice] 1#1: start worker process 27
2026/05/25 04:36:29 [notice] 1#1: start worker process 28
2026/05/25 04:36:29 [error] 21#21: *1 connect() failed (111: Connection refused) while connecting to upstream, client: 172.21.0.1, server: your_domain, request: "GET /_next/static/css/app/layout.css?v=1779683586280 HTTP/1.1", upstream: "http://172.21.0.2:3000/_next/static/css/app/layout.css?v=1779683586280", host: "localhost", referrer: "http://localhost/"
2026/05/25 04:40:50 [notice] 1#1: signal 3 (SIGQUIT) received, shutting down
2026/05/25 04:40:50 [notice] 22#22: gracefully shutting down
2026/05/25 04:40:50 [notice] 28#28: gracefully shutting down
2026/05/25 04:40:50 [notice] 21#21: gracefully shutting down
2026/05/25 04:40:50 [notice] 23#23: gracefully shutting down
2026/05/25 04:40:50 [notice] 25#25: gracefully shutting down
2026/05/25 04:40:50 [notice] 24#24: gracefully shutting down
2026/05/25 04:40:50 [notice] 27#27: gracefully shutting down
2026/05/25 04:40:50 [notice] 26#26: gracefully shutting down
2026/05/25 04:40:50 [notice] 22#22: exiting
2026/05/25 04:40:50 [notice] 28#28: exiting
2026/05/25 04:40:50 [notice] 23#23: exiting
2026/05/25 04:40:50 [notice] 28#28: exit
2026/05/25 04:40:50 [notice] 21#21: exiting
2026/05/25 04:40:50 [notice] 25#25: exiting
2026/05/25 04:40:50 [notice] 24#24: exiting
2026/05/25 04:40:50 [notice] 25#25: exit
2026/05/25 04:40:50 [notice] 26#26: exiting
2026/05/25 04:40:50 [notice] 22#22: exit
2026/05/25 04:40:50 [notice] 23#23: exit
2026/05/25 04:40:50 [notice] 21#21: exit
2026/05/25 04:40:50 [notice] 24#24: exit
2026/05/25 04:40:50 [notice] 26#26: exit
2026/05/25 04:40:50 [notice] 1#1: signal 17 (SIGCHLD) received from 26
2026/05/25 04:40:50 [notice] 1#1: worker process 26 exited with code 0
2026/05/25 04:40:50 [notice] 1#1: signal 29 (SIGIO) received
2026/05/25 04:40:50 [notice] 1#1: signal 17 (SIGCHLD) received from 22
2026/05/25 04:40:50 [notice] 1#1: worker process 21 exited with code 0
2026/05/25 04:40:50 [notice] 1#1: worker process 22 exited with code 0
2026/05/25 04:40:50 [notice] 1#1: signal 29 (SIGIO) received
2026/05/25 04:40:50 [notice] 1#1: signal 17 (SIGCHLD) received from 25
2026/05/25 04:40:50 [notice] 1#1: worker process 23 exited with code 0
2026/05/25 04:40:50 [notice] 1#1: worker process 24 exited with code 0
2026/05/25 04:40:50 [notice] 1#1: worker process 25 exited with code 0
2026/05/25 04:40:50 [notice] 1#1: worker process 28 exited with code 0
2026/05/25 04:40:50 [notice] 1#1: signal 29 (SIGIO) received
2026/05/25 04:40:50 [notice] 1#1: signal 17 (SIGCHLD) received from 23
2026/05/25 04:41:29 [notice] 1#1: using the "epoll" event method
2026/05/25 04:41:29 [notice] 1#1: nginx/1.31.1
2026/05/25 04:41:29 [notice] 1#1: built by gcc 15.2.0 (Alpine 15.2.0) 
2026/05/25 04:41:29 [notice] 1#1: OS: Linux 6.6.114.1-microsoft-standard-WSL2
2026/05/25 04:41:29 [notice] 1#1: getrlimit(RLIMIT_NOFILE): 1048576:1048576
